INFO - bastmen: Ruturaj Gaikwad | bowler: Kagiso Rabada | 0.06142809784252623
INFO - bastmen: Faf du Plessis | bowler: Kagiso Rabada | 0.06013596056586196
INFO - bastmen: Faf du Plessis | bowler: Kagiso Rabada | 0.06013596056586196
INFO - probOut: 0.000000, outDecider: 0.487897
INFO - bastmen: Faf du Plessis | bowler: Kagiso Rabada | 0.06013596056586196
INFO - bastmen: Faf du Plessis | bowler: Kagiso Rabada | 0.06013596056586196
INFO - bastmen: Faf du Plessis | bowler: Kagiso Rabada | 0.06013596056586196
INFO - bastmen: Faf du Plessis | bowler: Ravichandran Ashwin | 0.05240882818212578
INFO - probOut: 0.000000, outDecider: 0.527526
INFO - bastmen: Faf du Plessis | bowler: Ravichandran Ashwin | 0.05240882818212578
INFO - bastmen: Ruturaj Gaikwad | bowler: Ravichandran Ashwin | 0.05370096545879005
INFO - bastmen: Faf du Plessis | bowler: Ravichandran Ashwin | 0.05240882818212578
INFO - probOut: 0.000000, outDecider: 0.748633
INFO - bastmen: Faf du Plessis | bowler: Ravichandran Ashwin | 0.05240882818212578
INFO - bastmen: Faf du Plessis | bowler: Ravichandran Ashwin | 0.05240882818212578
INFO - probOut: 0.000000, outDecider: 0.099776
INFO - bastmen: Ruturaj Gaikwad | bowler: Ravichandran Ashwin | 0.08152330313484574
INFO - bastmen: Faf du Plessis | bowler: Ravichandran Ashwin | 0.08023116585818146
INFO - bastmen: Ruturaj Gaikwad | bowler: Ravichandran Ashwin | 0.08152330313484574
INFO - probOut: 0.171808, outDecider: 0.760778
INFO - bastmen: Ruturaj Gaikwad | bowler: Ravichandran Ashwin | 0.08152330313484574
INFO - bastmen: Faf du Plessis | bowler: Ravichandran Ashwin | 0.08023116585818146
INFO - bastmen: Faf du Plessis | bowler: Ravichandran Ashwin | 0.08023116585818146
INFO - bastmen: Faf du Plessis | bowler: Avesh Khan | 0.04759900133772625
INFO - bastmen: Ruturaj Gaikwad | bowler: Avesh Khan | 0.048891138614390525
INFO - bastmen: Faf du Plessis | bowler: Avesh Khan | 0.04759900133772625
INFO - bastmen: Faf du Plessis | bowler: Avesh Khan | 0.04759900133772625
INFO - probOut: 0.127902, outDecider: 0.704742
INFO - bastmen: Faf du Plessis | bowler: Avesh Khan | 0.04759900133772625
INFO - bastmen: Ruturaj Gaikwad | bowler: Avesh Khan | 0.048891138614390525
INFO - probOut: 0.087530, outDecider: 0.582034
INFO - bastmen: Faf du Plessis | bowler: Avesh Khan | 0.06614722645509671
INFO - probOut: 0.177743, outDecider: 0.533161
INFO - bastmen: Faf du Plessis | bowler: Avesh Khan | 0.06614722645509671
INFO - bastmen: Faf du Plessis | bowler: Avesh Khan | 0.06614722645509671
INFO - probOut: 0.177743, outDecider: 0.307579
INFO - bastmen: Faf du Plessis | bowler: Avesh Khan | 0.06614722645509671
INFO - bastmen: Faf du Plessis | bowler: Avesh Khan | 0.06614722645509671
INFO - probOut: 0.312096, outDecider: 0.461346
INFO - bastmen: Faf du Plessis | bowler: Avesh Khan | 0.06614722645509671
INFO - probOut: 0.312096, outDecider: 0.436569
INFO - bastmen: Ruturaj Gaikwad | bowler: Anrich Nortje | 0.05873345273302044
INFO - bastmen: Faf du Plessis | bowler: Anrich Nortje | 0.05744131545635617
INFO - probOut: 0.288703, outDecider: 0.015463
INFO - bastmen: Deepak Chahar | bowler: Anrich Nortje | 0.10393785524874372
INFO - probOut: 0.148626, outDecider: 0.974005
INFO - bastmen: Deepak Chahar | bowler: Anrich Nortje | 0.10393785524874372
INFO - bastmen: Ruturaj Gaikwad | bowler: Anrich Nortje | 0.05873345273302044
INFO - bastmen: Ruturaj Gaikwad | bowler: Anrich Nortje | 0.05873345273302044
INFO - bastmen: Ruturaj Gaikwad | bowler: Anrich Nortje | 0.0772816778503909
INFO - probOut: 0.199594, outDecider: 0.185898
INFO - bastmen: Suresh Raina | bowler: Anrich Nortje | 0.08057431566023182
INFO - bastmen: Deepak Chahar | bowler: Anrich Nortje | 0.12248608036611416
INFO - bastmen: Suresh Raina | bowler: Anrich Nortje | 0.08057431566023182
INFO - bastmen: Suresh Raina | bowler: Anrich Nortje | 0.08057431566023182
INFO - bastmen: Deepak Chahar | bowler: Anrich Nortje | 0.12248608036611416
INFO - probOut: 0.220617, outDecider: 0.536957
INFO - bastmen: Suresh Raina | bowler: Anrich Nortje | 0.08984842821891705
INFO - bastmen: Suresh Raina | bowler: Anrich Nortje | 0.08984842821891705
INFO - bastmen: Suresh Raina | bowler: Anrich Nortje | 0.08984842821891705
INFO - bastmen: Deepak Chahar | bowler: Anrich Nortje | 0.1317601929247994
INFO - bastmen: Suresh Raina | bowler: Anrich Nortje | 0.08984842821891705
INFO - bastmen: Deepak Chahar | bowler: Anrich Nortje | 0.1317601929247994
INFO - probOut: 0.244004, outDecider: 0.033013
INFO - bastmen: Suresh Raina | bowler: Axar Patel | 0.04783502937688627
INFO - bastmen: Shardul Thakur | bowler: Axar Patel | 0.12446901630499085
INFO - probOut: 0.146690, outDecider: 0.622972
INFO - bastmen: Shardul Thakur | bowler: Axar Patel | 0.12446901630499085
INFO - probOut: 0.146690, outDecider: 0.637295
INFO - bastmen: Shardul Thakur | bowler: Axar Patel | 0.12446901630499085
INFO - bastmen: Suresh Raina | bowler: Axar Patel | 0.04783502937688627
INFO - bastmen: Shardul Thakur | bowler: Axar Patel | 0.12446901630499085
INFO - bastmen: Shardul Thakur | bowler: Axar Patel | 0.13374312886367606
INFO - bastmen: Suresh Raina | bowler: Axar Patel | 0.0571091419355715
INFO - probOut: 0.020357, outDecider: 0.675500
INFO - bastmen: Suresh Raina | bowler: Axar Patel | 0.0571091419355715
INFO - bastmen: Shardul Thakur | bowler: Axar Patel | 0.13374312886367606
INFO - bastmen: Shardul Thakur | bowler: Axar Patel | 0.13374312886367606
INFO - bastmen: Shardul Thakur | bowler: Axar Patel | 0.13374312886367606
INFO - probOut: 0.169566, outDecider: 0.910707
INFO - bastmen: Suresh Raina | bowler: Axar Patel | 0.06638325449425674
INFO - bastmen: Shardul Thakur | bowler: Axar Patel | 0.1430172414223613
INFO - probOut: 0.229443, outDecider: 0.326559
INFO - bastmen: Shardul Thakur | bowler: Axar Patel | 0.1430172414223613
INFO - bastmen: Shardul Thakur | bowler: Axar Patel | 0.1430172414223613
INFO - probOut: 0.229443, outDecider: 0.147948
INFO - bastmen: Ambati Rayudu | bowler: Axar Patel | 0.06469658838701497
INFO - bastmen: Suresh Raina | bowler: Axar Patel | 0.06638325449425674
INFO - bastmen: Ambati Rayudu | bowler: Axar Patel | 0.07397070094570021
INFO - bastmen: Suresh Raina | bowler: Axar Patel | 0.07565736705294196
INFO - bastmen: Suresh Raina | bowler: Axar Patel | 0.07565736705294196
INFO - bastmen: Ambati Rayudu | bowler: Axar Patel | 0.07397070094570021
INFO - probOut: 0.024207, outDecider: 0.940963
INFO - bastmen: Ambati Rayudu | bowler: Axar Patel | 0.07397070094570021
INFO - probOut: 0.024207, outDecider: 0.603965
INFO - bastmen: Ambati Rayudu | bowler: Axar Patel | 0.07397070094570021
INFO - probOut: 0.024207, outDecider: 0.254502
INFO - bastmen: Suresh Raina | bowler: Anrich Nortje | 0.09912254077760228
INFO - probOut: 0.140665, outDecider: 0.193314
INFO - bastmen: Suresh Raina | bowler: Anrich Nortje | 0.09912254077760228
INFO - bastmen: Suresh Raina | bowler: Anrich Nortje | 0.09912254077760228
INFO - probOut: 0.140665, outDecider: 0.642830
INFO - bastmen: Suresh Raina | bowler: Anrich Nortje | 0.09912254077760228
INFO - probOut: 0.140665, outDecider: 0.340349
INFO - bastmen: Suresh Raina | bowler: Anrich Nortje | 0.09912254077760228
INFO - probOut: 0.140665, outDecider: 0.459495
INFO - bastmen: Suresh Raina | bowler: Anrich Nortje | 0.09912254077760228
INFO - bastmen: Ambati Rayudu | bowler: Anrich Nortje | 0.09743587467036054
INFO - probOut: 0.087528, outDecider: 0.658493
INFO - bastmen: Suresh Raina | bowler: Avesh Khan | 0.08928022665897237
INFO - probOut: 0.112481, outDecider: 0.727436
INFO - bastmen: Suresh Raina | bowler: Avesh Khan | 0.08928022665897237
INFO - bastmen: Ambati Rayudu | bowler: Avesh Khan | 0.08759356055173062
INFO - probOut: 0.101446, outDecider: 0.244332
INFO - bastmen: Ambati Rayudu | bowler: Avesh Khan | 0.08759356055173062
INFO - bastmen: Ambati Rayudu | bowler: Avesh Khan | 0.08759356055173062
INFO - bastmen: Ambati Rayudu | bowler: Avesh Khan | 0.08759356055173062
INFO - probOut: 0.101446, outDecider: 0.440030
INFO - bastmen: Suresh Raina | bowler: Kagiso Rabada | 0.08326896076973761
INFO - probOut: 0.238444, outDecider: 0.100819
INFO - bastmen: Dwayne Bravo | bowler: Kagiso Rabada | 0.09839501118990568
INFO - probOut: 0.129542, outDecider: 0.843487
INFO - bastmen: Dwayne Bravo | bowler: Kagiso Rabada | 0.09839501118990568
INFO - probOut: 0.129542, outDecider: 0.978068
INFO - bastmen: Dwayne Bravo | bowler: Kagiso Rabada | 0.09839501118990568
INFO - bastmen: Ambati Rayudu | bowler: Kagiso Rabada | 0.08158229466249586
INFO - probOut: 0.085225, outDecider: 0.187554
INFO - bastmen: Ambati Rayudu | bowler: Kagiso Rabada | 0.08158229466249586
INFO - bastmen: Dwayne Bravo | bowler: Kagiso Rabada | 0.1076691237485909
INFO - bastmen: Ambati Rayudu | bowler: Kagiso Rabada | 0.09085640722118109
INFO - bastmen: Ambati Rayudu | bowler: Kagiso Rabada | 0.09085640722118109
INFO - probOut: 0.110251, outDecider: 0.793674
INFO - bastmen: Ambati Rayudu | bowler: Kagiso Rabada | 0.09085640722118109
INFO - probOut: 0.110251, outDecider: 0.285861
INFO - bastmen: Ambati Rayudu | bowler: Kagiso Rabada | 0.09085640722118109
INFO - probOut: 0.110251, outDecider: 0.708844
INFO - bastmen: Ambati Rayudu | bowler: Kagiso Rabada | 0.09085640722118109
INFO - probOut: 0.110251, outDecider: 0.069833
INFO - bastmen: Dwayne Bravo | bowler: Kagiso Rabada | 0.11694323630727614
INFO - bastmen: Sam Curran | bowler: Kagiso Rabada | 0.11064071529887279
INFO - bastmen: Dwayne Bravo | bowler: Kagiso Rabada | 0.11694323630727614
INFO - bastmen: Sam Curran | bowler: Kagiso Rabada | 0.11064071529887279
INFO - bastmen: Dwayne Bravo | bowler: Kagiso Rabada | 0.11694323630727614
INFO - bastmen: Sam Curran | bowler: Kagiso Rabada | 0.11064071529887279
INFO - probOut: 0.152276, outDecider: 0.299351
INFO - bastmen: Dwayne Bravo | bowler: Avesh Khan | 0.11368038963782566
INFO - probOut: 0.277528, outDecider: 0.866927
INFO - bastmen: Dwayne Bravo | bowler: Avesh Khan | 0.11368038963782566
INFO - bastmen: Sam Curran | bowler: Avesh Khan | 0.10737786862942231
INFO - bastmen: Sam Curran | bowler: Avesh Khan | 0.10737786862942231
INFO - probOut: 0.294749, outDecider: 0.577594
INFO - bastmen: Sam Curran | bowler: Avesh Khan | 0.10737786862942231
INFO - probOut: 0.294749, outDecider: 0.706159
INFO - bastmen: Sam Curran | bowler: Avesh Khan | 0.10737786862942231
INFO - probOut: 0.294749, outDecider: 0.938730
INFO - bastmen: Dwayne Bravo | bowler: Lalit Yadav | 0.06771567100024367
INFO - bastmen: Sam Curran | bowler: Lalit Yadav | 0.06141314999184031
INFO - probOut: 0.179326, outDecider: 0.019799
INFO - bastmen: Ravindra Jadeja | bowler: Lalit Yadav | 0.04859263717132749
INFO - probOut: 0.251307, outDecider: 0.518111
INFO - bastmen: Ravindra Jadeja | bowler: Lalit Yadav | 0.04859263717132749
INFO - bastmen: Ravindra Jadeja | bowler: Lalit Yadav | 0.04859263717132749
INFO - probOut: 0.166207, outDecider: 0.848104
INFO - bastmen: Ravindra Jadeja | bowler: Lalit Yadav | 0.04859263717132749
INFO - bastmen: Ravindra Jadeja | bowler: Lalit Yadav | 0.057866749730012726
INFO - bastmen: Dwayne Bravo | bowler: Lalit Yadav | 0.07698978355892891
INFO - bastmen: Ravindra Jadeja | bowler: Lalit Yadav | 0.057866749730012726
INFO - bastmen: Dwayne Bravo | bowler: Lalit Yadav | 0.07698978355892891
INFO - probOut: 0.313154, outDecider: 0.930227
INFO - bastmen: Dwayne Bravo | bowler: Lalit Yadav | 0.07698978355892891
INFO - probOut: 0.313154, outDecider: 0.237503
INFO - bastmen: Moeen Ali | bowler: Lalit Yadav | 0.07041660213912171
